Thu Mar 27 15:00:16 UTC 2025
Fri Mar 28 13:15:31 UTC 2025
Sat Mar 29 13:01:46 UTC 2025
Sun Mar 30 13:02:13 UTC 2025
Mon Mar 31 13:18:36 UTC 2025
Tue Apr  1 13:35:23 UTC 2025
Wed Apr  2 13:18:51 UTC 2025
Thu Apr  3 13:17:48 UTC 2025
Fri Apr  4 13:16:49 UTC 2025
Sat Apr  5 13:01:35 UTC 2025
Sun Apr  6 13:01:51 UTC 2025
Mon Apr  7 13:19:38 UTC 2025
Tue Apr  8 13:19:45 UTC 2025
Wed Apr  9 13:19:55 UTC 2025
Thu Apr 10 13:19:07 UTC 2025
Fri Apr 11 13:17:29 UTC 2025
Sat Apr 12 13:01:48 UTC 2025
Sun Apr 13 13:03:11 UTC 2025
Mon Apr 14 13:35:32 UTC 2025
Tue Apr 15 13:19:56 UTC 2025
Wed Apr 16 13:19:47 UTC 2025
Thu Apr 17 13:18:14 UTC 2025
Fri Apr 18 13:14:47 UTC 2025
Sat Apr 19 13:02:07 UTC 2025
Sun Apr 20 13:05:00 UTC 2025
Mon Apr 21 13:16:48 UTC 2025
Tue Apr 22 13:19:40 UTC 2025
Wed Apr 23 13:35:04 UTC 2025
Thu Apr 24 13:35:53 UTC 2025
Fri Apr 25 13:18:33 UTC 2025
Sat Apr 26 13:03:29 UTC 2025
Sun Apr 27 13:03:58 UTC 2025
Mon Apr 28 12:19:44 UTC 2025
Tue Apr 29 12:20:41 UTC 2025
Wed Apr 30 12:19:17 UTC 2025
Thu May  1 12:19:09 UTC 2025
Fri May  2 12:19:31 UTC 2025
Sat May  3 12:17:38 UTC 2025
Sun May  4 12:17:51 UTC 2025
Mon May  5 12:19:56 UTC 2025
Tue May  6 12:21:41 UTC 2025
Wed May  7 12:20:43 UTC 2025
Thu May  8 12:20:01 UTC 2025
Fri May  9 12:19:35 UTC 2025
Sat May 10 12:17:20 UTC 2025
Sun May 11 12:17:43 UTC 2025
Mon May 12 12:20:42 UTC 2025
Tue May 13 12:20:56 UTC 2025
Wed May 14 12:20:00 UTC 2025
Thu May 15 12:20:08 UTC 2025
Fri May 16 12:20:36 UTC 2025
Sat May 17 12:17:47 UTC 2025
Sun May 18 12:18:03 UTC 2025
Mon May 19 12:21:05 UTC 2025
Tue May 20 12:21:11 UTC 2025
Wed May 21 12:20:28 UTC 2025
Thu May 22 12:21:14 UTC 2025
Fri May 23 12:19:51 UTC 2025
Sat May 24 12:17:57 UTC 2025
Sun May 25 12:18:04 UTC 2025
Mon May 26 12:19:45 UTC 2025
Tue May 27 12:21:03 UTC 2025
Wed May 28 12:20:46 UTC 2025
Thu May 29 12:20:16 UTC 2025
Fri May 30 12:19:58 UTC 2025
Sat May 31 12:18:13 UTC 2025
Sun Jun  1 12:18:36 UTC 2025
Mon Jun  2 12:21:05 UTC 2025
Tue Jun  3 12:21:03 UTC 2025
Wed Jun  4 12:21:05 UTC 2025
Thu Jun  5 12:21:09 UTC 2025
Fri Jun  6 12:20:17 UTC 2025
Sat Jun  7 12:18:13 UTC 2025
Sun Jun  8 12:18:12 UTC 2025
Mon Jun  9 12:20:55 UTC 2025
Tue Jun 10 12:21:31 UTC 2025
Wed Jun 11 12:21:28 UTC 2025
Thu Jun 12 12:20:35 UTC 2025
Fri Jun 13 12:20:53 UTC 2025
Sat Jun 14 12:18:10 UTC 2025
Sun Jun 15 12:18:41 UTC 2025
Mon Jun 16 12:21:37 UTC 2025
Tue Jun 17 12:21:42 UTC 2025
Wed Jun 18 12:21:30 UTC 2025
Thu Jun 19 12:21:19 UTC 2025
Fri Jun 20 12:21:00 UTC 2025
Sat Jun 21 12:18:07 UTC 2025
Sun Jun 22 12:18:32 UTC 2025
Mon Jun 23 12:22:02 UTC 2025
Tue Jun 24 12:21:12 UTC 2025
Wed Jun 25 12:21:23 UTC 2025
Thu Jun 26 12:21:10 UTC 2025
Fri Jun 27 12:20:45 UTC 2025
Sat Jun 28 12:18:36 UTC 2025
Sun Jun 29 12:18:52 UTC 2025
Mon Jun 30 12:21:20 UTC 2025
Tue Jul  1 12:21:25 UTC 2025
Wed Jul  2 12:21:08 UTC 2025
Thu Jul  3 12:21:21 UTC 2025
Fri Jul  4 12:20:48 UTC 2025
Sat Jul  5 12:18:30 UTC 2025
Sun Jul  6 12:18:57 UTC 2025
Mon Jul  7 12:21:16 UTC 2025
Tue Jul  8 12:21:58 UTC 2025
Wed Jul  9 12:21:34 UTC 2025
Thu Jul 10 12:21:37 UTC 2025
Fri Jul 11 12:20:49 UTC 2025
Sat Jul 12 12:19:03 UTC 2025
Sun Jul 13 12:19:38 UTC 2025
Mon Jul 14 12:22:18 UTC 2025
Tue Jul 15 12:22:35 UTC 2025
Wed Jul 16 12:22:19 UTC 2025
Thu Jul 17 12:21:54 UTC 2025
Fri Jul 18 12:22:04 UTC 2025
Sat Jul 19 12:19:36 UTC 2025
Sun Jul 20 12:20:08 UTC 2025
Mon Jul 21 12:23:15 UTC 2025
Tue Jul 22 12:22:16 UTC 2025
Wed Jul 23 12:22:40 UTC 2025
Thu Jul 24 12:22:52 UTC 2025
Fri Jul 25 12:21:55 UTC 2025
Sat Jul 26 12:19:47 UTC 2025
Sun Jul 27 12:20:38 UTC 2025
Mon Jul 28 12:23:15 UTC 2025
Tue Jul 29 12:23:27 UTC 2025
Wed Jul 30 12:23:19 UTC 2025
Thu Jul 31 12:21:09 UTC 2025
Fri Aug  1 12:22:25 UTC 2025
Sat Aug  2 12:20:07 UTC 2025
Sun Aug  3 12:20:31 UTC 2025
Mon Aug  4 12:23:53 UTC 2025
Tue Aug  5 12:24:06 UTC 2025
Wed Aug  6 12:24:17 UTC 2025
Thu Aug  7 12:24:00 UTC 2025
Fri Aug  8 12:23:03 UTC 2025
Sat Aug  9 12:19:52 UTC 2025
Sun Aug 10 12:20:19 UTC 2025
Mon Aug 11 12:22:47 UTC 2025
Tue Aug 12 12:21:27 UTC 2025
Wed Aug 13 12:21:42 UTC 2025
Thu Aug 14 12:22:17 UTC 2025
Fri Aug 15 12:20:39 UTC 2025
Sat Aug 16 12:18:51 UTC 2025
Sun Aug 17 12:19:31 UTC 2025
Mon Aug 18 12:22:18 UTC 2025
Tue Aug 19 12:20:50 UTC 2025
Wed Aug 20 12:20:40 UTC 2025
Thu Aug 21 12:20:43 UTC 2025
Fri Aug 22 12:20:07 UTC 2025
Sat Aug 23 12:18:03 UTC 2025
Sun Aug 24 12:18:20 UTC 2025
Mon Aug 25 12:21:01 UTC 2025
Tue Aug 26 12:21:54 UTC 2025
Wed Aug 27 12:20:17 UTC 2025
Thu Aug 28 12:20:17 UTC 2025
Fri Aug 29 12:19:42 UTC 2025
Sat Aug 30 12:17:51 UTC 2025
Sun Aug 31 12:18:14 UTC 2025
Mon Sep  1 12:21:12 UTC 2025
Tue Sep  2 12:20:51 UTC 2025
Wed Sep  3 12:20:19 UTC 2025
Thu Sep  4 12:20:08 UTC 2025
Fri Sep  5 12:19:25 UTC 2025
Sat Sep  6 12:17:13 UTC 2025
Sun Sep  7 12:17:35 UTC 2025
Mon Sep  8 12:21:13 UTC 2025
Tue Sep  9 12:21:29 UTC 2025
Wed Sep 10 12:19:45 UTC 2025
Thu Sep 11 12:19:27 UTC 2025
Fri Sep 12 12:19:42 UTC 2025
Sat Sep 13 12:17:09 UTC 2025
Sun Sep 14 12:17:03 UTC 2025
Mon Sep 15 12:20:29 UTC 2025
Tue Sep 16 12:20:13 UTC 2025
Wed Sep 17 12:20:13 UTC 2025
Thu Sep 18 12:19:42 UTC 2025
Fri Sep 19 12:20:29 UTC 2025
Sat Sep 20 12:17:58 UTC 2025
Sun Sep 21 12:17:53 UTC 2025
Mon Sep 22 12:20:56 UTC 2025
Tue Sep 23 12:20:06 UTC 2025
Wed Sep 24 12:20:41 UTC 2025
Thu Sep 25 12:21:24 UTC 2025
Fri Sep 26 12:19:57 UTC 2025
Sat Sep 27 12:17:24 UTC 2025
Sun Sep 28 12:17:44 UTC 2025
Mon Sep 29 12:21:13 UTC 2025
Tue Sep 30 12:21:12 UTC 2025
Wed Oct  1 12:21:28 UTC 2025
Thu Oct  2 12:19:16 UTC 2025
Fri Oct  3 12:19:29 UTC 2025
Sat Oct  4 12:17:13 UTC 2025
Sun Oct  5 12:17:41 UTC 2025
Mon Oct  6 12:20:55 UTC 2025
Tue Oct  7 12:21:13 UTC 2025
Wed Oct  8 12:21:33 UTC 2025
Thu Oct  9 12:20:37 UTC 2025
Fri Oct 10 12:21:13 UTC 2025
Sat Oct 11 12:17:30 UTC 2025
Sun Oct 12 12:18:12 UTC 2025
Mon Oct 13 12:21:03 UTC 2025
Tue Oct 14 12:21:52 UTC 2025
Wed Oct 15 12:22:21 UTC 2025
Thu Oct 16 12:21:27 UTC 2025
Fri Oct 17 12:20:45 UTC 2025
Sat Oct 18 12:18:12 UTC 2025
Sun Oct 19 12:18:25 UTC 2025
Mon Oct 20 12:21:24 UTC 2025
Tue Oct 21 12:21:29 UTC 2025
Wed Oct 22 12:21:41 UTC 2025
Thu Oct 23 12:21:42 UTC 2025
Fri Oct 24 12:21:37 UTC 2025
Sat Oct 25 12:18:11 UTC 2025
Sun Oct 26 12:18:36 UTC 2025
Mon Oct 27 12:21:37 UTC 2025
Tue Oct 28 12:21:00 UTC 2025
Wed Oct 29 12:22:03 UTC 2025
Thu Oct 30 12:21:18 UTC 2025
Fri Oct 31 12:21:44 UTC 2025
Sat Nov  1 12:18:21 UTC 2025
Sun Nov  2 12:18:03 UTC 2025
Mon Nov  3 12:22:08 UTC 2025
Tue Nov  4 12:22:52 UTC 2025
Wed Nov  5 12:21:35 UTC 2025
Thu Nov  6 12:21:26 UTC 2025
Fri Nov  7 12:20:52 UTC 2025
Sat Nov  8 12:18:36 UTC 2025
Sun Nov  9 12:18:23 UTC 2025
Mon Nov 10 12:21:53 UTC 2025
Tue Nov 11 12:21:24 UTC 2025
Wed Nov 12 12:21:54 UTC 2025
Thu Nov 13 12:22:00 UTC 2025
Fri Nov 14 12:22:05 UTC 2025
Sat Nov 15 12:18:46 UTC 2025
Sun Nov 16 12:18:41 UTC 2025
Mon Nov 17 12:21:58 UTC 2025
Tue Nov 18 12:22:34 UTC 2025
Wed Nov 19 12:21:57 UTC 2025
Thu Nov 20 12:21:59 UTC 2025
Fri Nov 21 12:20:51 UTC 2025
Sat Nov 22 12:18:27 UTC 2025
Sun Nov 23 12:18:14 UTC 2025
Mon Nov 24 12:22:00 UTC 2025
Tue Nov 25 12:23:00 UTC 2025
Wed Nov 26 12:23:00 UTC 2025
Thu Nov 27 12:22:12 UTC 2025
Fri Nov 28 12:21:52 UTC 2025
Sat Nov 29 12:19:47 UTC 2025
Sun Nov 30 12:19:28 UTC 2025
Mon Dec  1 12:23:23 UTC 2025
Tue Dec  2 12:23:36 UTC 2025
Wed Dec  3 12:23:04 UTC 2025
Thu Dec  4 12:23:31 UTC 2025
Fri Dec  5 12:22:49 UTC 2025
Sat Dec  6 12:19:51 UTC 2025
Sun Dec  7 12:19:06 UTC 2025
Mon Dec  8 12:22:39 UTC 2025
Tue Dec  9 12:23:12 UTC 2025
Wed Dec 10 12:23:18 UTC 2025
Thu Dec 11 12:24:22 UTC 2025
Fri Dec 12 12:22:49 UTC 2025
Sat Dec 13 12:20:13 UTC 2025
Sun Dec 14 12:20:10 UTC 2025
Mon Dec 15 12:25:09 UTC 2025
Tue Dec 16 12:24:11 UTC 2025
Wed Dec 17 12:23:43 UTC 2025
Thu Dec 18 12:22:57 UTC 2025
Fri Dec 19 12:21:58 UTC 2025
Sat Dec 20 12:19:51 UTC 2025
Sun Dec 21 12:20:21 UTC 2025
Mon Dec 22 12:23:47 UTC 2025
Tue Dec 23 12:23:33 UTC 2025
Wed Dec 24 12:22:25 UTC 2025
Thu Dec 25 12:22:17 UTC 2025
Fri Dec 26 12:22:07 UTC 2025
Sat Dec 27 12:20:42 UTC 2025
Sun Dec 28 12:21:04 UTC 2025
Mon Dec 29 12:24:29 UTC 2025
Tue Dec 30 12:23:48 UTC 2025
Wed Dec 31 12:22:55 UTC 2025
Thu Jan  1 12:23:02 UTC 2026
Fri Jan  2 12:22:04 UTC 2026
Sat Jan  3 12:20:49 UTC 2026
Sun Jan  4 12:21:15 UTC 2026
Mon Jan  5 12:24:48 UTC 2026
Tue Jan  6 12:24:38 UTC 2026
Wed Jan  7 12:25:04 UTC 2026
Thu Jan  8 12:25:12 UTC 2026
Fri Jan  9 12:23:50 UTC 2026
Sat Jan 10 12:21:05 UTC 2026
Sun Jan 11 12:21:37 UTC 2026
Mon Jan 12 12:26:15 UTC 2026
Tue Jan 13 12:25:32 UTC 2026
Wed Jan 14 12:24:27 UTC 2026
Thu Jan 15 12:24:07 UTC 2026
Fri Jan 16 12:23:26 UTC 2026
Sat Jan 17 12:20:49 UTC 2026
Sun Jan 18 12:21:09 UTC 2026
Mon Jan 19 12:26:35 UTC 2026
Tue Jan 20 12:27:15 UTC 2026
Wed Jan 21 12:27:13 UTC 2026
Thu Jan 22 12:27:18 UTC 2026
Fri Jan 23 12:25:41 UTC 2026
Sat Jan 24 12:21:22 UTC 2026
Sun Jan 25 12:22:40 UTC 2026
Mon Jan 26 12:26:35 UTC 2026
Tue Jan 27 12:26:37 UTC 2026
Wed Jan 28 12:27:31 UTC 2026
Thu Jan 29 12:32:10 UTC 2026
Fri Jan 30 12:30:59 UTC 2026
Sat Jan 31 12:24:44 UTC 2026
Sun Feb  1 12:26:21 UTC 2026
Mon Feb  2 12:34:15 UTC 2026
Tue Feb  3 12:34:57 UTC 2026
